[01m[K/home/nuc/autoware.ai/src/autoware/utilities/app_cmd_sender/nodes/app_cmd_sender.cpp:[m[K In function â€˜[01m[Kvoid centerlineCallback(const MarkerArray&)[m[Kâ€™:
[01m[K/home/nuc/autoware.ai/src/autoware/utilities/app_cmd_sender/nodes/app_cmd_sender.cpp:41:22:[m[K [01;31m[Kerror: [m[Kâ€˜[01m[Kconst MarkerArray {aka const struct visualization_msgs::MarkerArray_<std::allocator<void> >}[m[Kâ€™ has no member named â€˜[01m[Kns[m[Kâ€™
     std::cout << ary.[01;31m[Kns[m[K.size();
                      [01;31m[K^~[m[K
make[2]: *** [CMakeFiles/app_cmd_sender.dir/nodes/app_cmd_sender.cpp.o] Error 1
make[1]: *** [CMakeFiles/app_cmd_sender.dir/all] Error 2
make: *** [all] Error 2
