In file included from [01m[K/home/nuc/autoware.ai/src/autoware/utilities/vehicle_socket/nodes/vehicle_sender/vehicle_sender.cpp:30:0[m[K:
[01m[K/home/nuc/autoware.ai/src/autoware/utilities/vehicle_socket/nodes/vehicle_sender/control.h:[m[K In member function â€˜[01m[Kvoid Control::brake(uint8_t)[m[Kâ€™:
[01m[K/home/nuc/autoware.ai/src/autoware/utilities/vehicle_socket/nodes/vehicle_sender/control.h:208:17:[m[K [01;31m[Kerror: [m[Kâ€˜[01m[Kerr[m[Kâ€™ was not declared in this scope
                 [01;31m[Kerr[m[K = 1;
                 [01;31m[K^~~[m[K
[01m[K/home/nuc/autoware.ai/src/autoware/utilities/vehicle_socket/nodes/vehicle_sender/control.h:208:17:[m[K [01;36m[Knote: [m[Ksuggested alternative: â€˜[01m[Kerf[m[Kâ€™
                 [01;36m[Kerr[m[K = 1;
                 [01;36m[K^~~[m[K
                 [32m[Kerf[m[K
[01m[K/home/nuc/autoware.ai/src/autoware/utilities/vehicle_socket/nodes/vehicle_sender/control.h:[m[K In member function â€˜[01m[Kvoid Control::steer(int16_t)[m[Kâ€™:
[01m[K/home/nuc/autoware.ai/src/autoware/utilities/vehicle_socket/nodes/vehicle_sender/control.h:227:17:[m[K [01;31m[Kerror: [m[Kâ€˜[01m[Kerr[m[Kâ€™ was not declared in this scope
                 [01;31m[Kerr[m[K = 1;
                 [01;31m[K^~~[m[K
[01m[K/home/nuc/autoware.ai/src/autoware/utilities/vehicle_socket/nodes/vehicle_sender/control.h:227:17:[m[K [01;36m[Knote: [m[Ksuggested alternative: â€˜[01m[Kerf[m[Kâ€™
                 [01;36m[Kerr[m[K = 1;
                 [01;36m[K^~~[m[K
                 [32m[Kerf[m[K
[01m[K/home/nuc/autoware.ai/src/autoware/utilities/vehicle_socket/nodes/vehicle_sender/control.h:[m[K In member function â€˜[01m[Kvoid Control::throttle(uint8_t)[m[Kâ€™:
[01m[K/home/nuc/autoware.ai/src/autoware/utilities/vehicle_socket/nodes/vehicle_sender/control.h:245:17:[m[K [01;31m[Kerror: [m[Kâ€˜[01m[Kerr[m[Kâ€™ was not declared in this scope
                 [01;31m[Kerr[m[K = 1;
                 [01;31m[K^~~[m[K
[01m[K/home/nuc/autoware.ai/src/autoware/utilities/vehicle_socket/nodes/vehicle_sender/control.h:245:17:[m[K [01;36m[Knote: [m[Ksuggested alternative: â€˜[01m[Kerf[m[Kâ€™
                 [01;36m[Kerr[m[K = 1;
                 [01;36m[K^~~[m[K
                 [32m[Kerf[m[K
[01m[K/home/nuc/autoware.ai/src/autoware/utilities/vehicle_socket/nodes/vehicle_sender/control.h:[m[K In member function â€˜[01m[Kvoid Control::gear(uint8_t)[m[Kâ€™:
[01m[K/home/nuc/autoware.ai/src/autoware/utilities/vehicle_socket/nodes/vehicle_sender/control.h:262:17:[m[K [01;31m[Kerror: [m[Kâ€˜[01m[Kerr[m[Kâ€™ was not declared in this scope
                 [01;31m[Kerr[m[K = 1;
                 [01;31m[K^~~[m[K
[01m[K/home/nuc/autoware.ai/src/autoware/utilities/vehicle_socket/nodes/vehicle_sender/control.h:262:17:[m[K [01;36m[Knote: [m[Ksuggested alternative: â€˜[01m[Kerf[m[Kâ€™
                 [01;36m[Kerr[m[K = 1;
                 [01;36m[K^~~[m[K
                 [32m[Kerf[m[K
[01m[K/home/nuc/autoware.ai/src/autoware/utilities/vehicle_socket/nodes/vehicle_sender/vehicle_sender.cpp:[m[K At global scope:
[01m[K/home/nuc/autoware.ai/src/autoware/utilities/vehicle_socket/nodes/vehicle_sender/vehicle_sender.cpp:175:14:[m[K [01;35m[Kwarning: [m[Kâ€˜[01m[Kvoid* receiverCaller(void*)[m[Kâ€™ defined but not used [[01;35m[K-Wunused-function[m[K]
 static void *[01;35m[KreceiverCaller[m[K(void *unused)
              [01;35m[K^~~~~~~~~~~~~~[m[K
make[2]: *** [CMakeFiles/vehicle_sender.dir/nodes/vehicle_sender/vehicle_sender.cpp.o] Error 1
make[1]: *** [CMakeFiles/vehicle_sender.dir/all] Error 2
make: *** [all] Error 2
