[01m[K/home/nuc/autoware.ai/src/autoware/utilities/app_cmd_sender/nodes/app_cmd_sender.cpp:[m[K In lambda function:
[01m[K/home/nuc/autoware.ai/src/autoware/utilities/app_cmd_sender/nodes/app_cmd_sender.cpp:69:26:[m[K [01;31m[Kerror: [m[Kâ€˜[01m[Kgoal_pose[m[Kâ€™ was not declared in this scope
         pub_goal.publish([01;31m[Kgoal_pose[m[K);
                          [01;31m[K^~~~~~~~~[m[K
[01m[K/home/nuc/autoware.ai/src/autoware/utilities/app_cmd_sender/nodes/app_cmd_sender.cpp:69:26:[m[K [01;36m[Knote: [m[Ksuggested alternative: â€˜[01m[Kinit_pose[m[Kâ€™
         pub_goal.publish([01;36m[Kgoal_pose[m[K);
                          [01;36m[K^~~~~~~~~[m[K
                          [32m[Kinit_pose[m[K
make[2]: *** [CMakeFiles/app_cmd_sender.dir/nodes/app_cmd_sender.cpp.o] Error 1
make[1]: *** [CMakeFiles/app_cmd_sender.dir/all] Error 2
make: *** [all] Error 2
