[01m[K/home/nuc/autoware.ai/src/autoware/utilities/app_cmd_sender/nodes/app_cmd_sender.cpp:[m[K In function â€˜[01m[Kvoid centerlineCallback(const MarkerArray&)[m[Kâ€™:
[01m[K/home/nuc/autoware.ai/src/autoware/utilities/app_cmd_sender/nodes/app_cmd_sender.cpp:41:30:[m[K [01;31m[Kerror: [m[Kâ€˜[01m[Kconst _markers_type {aka const class std::vector<visualization_msgs::Marker_<std::allocator<void> >, std::allocator<visualization_msgs::Marker_<std::allocator<void> > > >}[m[Kâ€™ has no member named â€˜[01m[Kpoints[m[Kâ€™; did you mean â€˜[01m[Kpointer[m[Kâ€™?
     std::cout << ary.markers.[01;31m[Kpoints[m[K.size();
                              [01;31m[K^~~~~~[m[K
                              [32m[Kpointer[m[K
make[2]: *** [CMakeFiles/app_cmd_sender.dir/nodes/app_cmd_sender.cpp.o] Error 1
make[1]: *** [CMakeFiles/app_cmd_sender.dir/all] Error 2
make: *** [all] Error 2
