[01m[K/home/nuc/autoware.ai/src/autoware/utilities/app_cmd_sender/nodes/app_cmd_sender.cpp:[m[K In function â€˜[01m[Kint main(int, char**)[m[Kâ€™:
[01m[K/home/nuc/autoware.ai/src/autoware/utilities/app_cmd_sender/nodes/app_cmd_sender.cpp:42:5:[m[K [01;31m[Kerror: [m[Kâ€˜[01m[Kpub_[m[Kâ€™ was not declared in this scope
     [01;31m[Kpub_[m[K = nh.advertise<geometry_msgs::PoseStamped>( "/move_base_simple/goal", 1 );
     [01;31m[K^~~~[m[K
[01m[K/home/nuc/autoware.ai/src/autoware/utilities/app_cmd_sender/nodes/app_cmd_sender.cpp:42:5:[m[K [01;36m[Knote: [m[Ksuggested alternative: â€˜[01m[Kputw[m[Kâ€™
     [01;36m[Kpub_[m[K = nh.advertise<geometry_msgs::PoseStamped>( "/move_base_simple/goal", 1 );
     [01;36m[K^~~~[m[K
     [32m[Kputw[m[K
make[2]: *** [CMakeFiles/app_cmd_sender.dir/nodes/app_cmd_sender.cpp.o] Error 1
make[1]: *** [CMakeFiles/app_cmd_sender.dir/all] Error 2
make: *** [all] Error 2
